<?xml version="1.0" encoding="UTF-8"?>
<!-- Generated by org.testng.reporters.JUnitXMLReporter -->
<testsuite ignored="0" hostname="MANGESH-DELL2020" failures="0" tests="4" name="Nopackage" time="38.149" errors="0" timestamp="2022-04-29T14:21:13 IST">
  <testcase classname="com.cal.testscripts.TC001" name="tc001" time="12.581"/>
  <testcase classname="com.cal.testscripts.TC002" name="tc002" time="8.403"/>
  <testcase classname="com.cal.testscripts.TC003" name="tc003" time="8.811"/>
  <testcase classname="com.cal.testscripts.TC004" name="tc004" time="8.282"/>
</testsuite> <!-- Nopackage -->
